Total messages: 24 (Errors: 4, Warnings: 14)

[INFO] %cDownload the React DevTools for a better development experience: https://react.dev/link/react-devtools font-weight:bold @ http://localhost:19006/index.ts.bundle?platform=web&dev=true&hot=false&lazy=true&transform.engine=hermes&transform.routerRoot=app&unstable_transformProfile=hermes-stable:46930
[WARNING] [expo-notifications] Listening to push token changes is not yet fully supported on web. Adding a listener will have no effect. @ http://localhost:19006/index.ts.bundle?platform=web&dev=true&hot=false&lazy=true&transform.engine=hermes&transform.routerRoot=app&unstable_transformProfile=hermes-stable:220564
[WARNING] [expo-av]: Expo AV has been deprecated and will be removed in SDK 54. Use the `expo-audio` and `expo-video` packages to replace the required functionality. @ http://localhost:19006/index.ts.bundle?platform=web&dev=true&hot=false&lazy=true&transform.engine=hermes&transform.routerRoot=app&unstable_transformProfile=hermes-stable:233981
[LOG] Running application "main" with appParams:
 {rootTag: #root, hydrate: undefined} 
Development-level warnings: ON.
Performance optimizations: OFF. @ http://localhost:19006/index.ts.bundle?platform=web&dev=true&hot=false&lazy=true&transform.engine=hermes&transform.routerRoot=app&unstable_transformProfile=hermes-stable:55151
[WARNING] props.pointerEvents is deprecated. Use style.pointerEvents @ http://localhost:19006/index.ts.bundle?platform=web&dev=true&hot=false&lazy=true&transform.engine=hermes&transform.routerRoot=app&unstable_transformProfile=hermes-stable:17343
[WARNING] Animated: `useNativeDriver` is not supported because the native animated module is missing. Falling back to JS-based animation. To resolve this, add `RCTAnimation` module to this app, or remove `useNativeDriver`. Make sure to run `bundle exec pod install` first. Read more about autolinking: https://github.com/react-native-community/cli/blob/master/docs/autolinking.md @ http://localhost:19006/index.ts.bundle?platform=web&dev=true&hot=false&lazy=true&transform.engine=hermes&transform.routerRoot=app&unstable_transformProfile=hermes-stable:49790
[INFO] %cDownload the React DevTools for a better development experience: https://react.dev/link/react-devtools font-weight:bold @ http://localhost:19006/index.ts.bundle?platform=web&dev=true&hot=false&lazy=true&transform.engine=hermes&transform.routerRoot=app&unstable_transformProfile=hermes-stable:46930
[WARNING] [expo-notifications] Listening to push token changes is not yet fully supported on web. Adding a listener will have no effect. @ http://localhost:19006/index.ts.bundle?platform=web&dev=true&hot=false&lazy=true&transform.engine=hermes&transform.routerRoot=app&unstable_transformProfile=hermes-stable:220564
[WARNING] [expo-av]: Expo AV has been deprecated and will be removed in SDK 54. Use the `expo-audio` and `expo-video` packages to replace the required functionality. @ http://localhost:19006/index.ts.bundle?platform=web&dev=true&hot=false&lazy=true&transform.engine=hermes&transform.routerRoot=app&unstable_transformProfile=hermes-stable:233981
[LOG] Running application "main" with appParams:
 {rootTag: #root, hydrate: undefined} 
Development-level warnings: ON.
Performance optimizations: OFF. @ http://localhost:19006/index.ts.bundle?platform=web&dev=true&hot=false&lazy=true&transform.engine=hermes&transform.routerRoot=app&unstable_transformProfile=hermes-stable:55151
[WARNING] props.pointerEvents is deprecated. Use style.pointerEvents @ http://localhost:19006/index.ts.bundle?platform=web&dev=true&hot=false&lazy=true&transform.engine=hermes&transform.routerRoot=app&unstable_transformProfile=hermes-stable:17343
[WARNING] "shadow*" style props are deprecated. Use "boxShadow". @ http://localhost:19006/index.ts.bundle?platform=web&dev=true&hot=false&lazy=true&transform.engine=hermes&transform.routerRoot=app&unstable_transformProfile=hermes-stable:17343
[WARNING] Animated: `useNativeDriver` is not supported because the native animated module is missing. Falling back to JS-based animation. To resolve this, add `RCTAnimation` module to this app, or remove `useNativeDriver`. Make sure to run `bundle exec pod install` first. Read more about autolinking: https://github.com/react-native-community/cli/blob/master/docs/autolinking.md @ http://localhost:19006/index.ts.bundle?platform=web&dev=true&hot=false&lazy=true&transform.engine=hermes&transform.routerRoot=app&unstable_transformProfile=hermes-stable:49790
[ERROR] Received `%s` for a non-boolean attribute `%s`.

If you want to write it to the DOM, pass a string instead: %s="%s" or %s={value.toString()}.

If you used to conditionally omit it with %s={condition && value}, pass %s={condition ? value : undefined} instead. false collapsable collapsable false collapsable collapsable collapsable @ http://localhost:19006/index.ts.bundle?platform=web&dev=true&hot=false&lazy=true&transform.engine=hermes&transform.routerRoot=app&unstable_transformProfile=hermes-stable:34947
[INFO] %cDownload the React DevTools for a better development experience: https://react.dev/link/react-devtools font-weight:bold @ http://localhost:19006/index.ts.bundle?platform=web&dev=true&hot=false&lazy=true&transform.engine=hermes&transform.routerRoot=app&unstable_transformProfile=hermes-stable:46930
[WARNING] [expo-notifications] Listening to push token changes is not yet fully supported on web. Adding a listener will have no effect. @ http://localhost:19006/index.ts.bundle?platform=web&dev=true&hot=false&lazy=true&transform.engine=hermes&transform.routerRoot=app&unstable_transformProfile=hermes-stable:220564
[WARNING] [expo-av]: Expo AV has been deprecated and will be removed in SDK 54. Use the `expo-audio` and `expo-video` packages to replace the required functionality. @ http://localhost:19006/index.ts.bundle?platform=web&dev=true&hot=false&lazy=true&transform.engine=hermes&transform.routerRoot=app&unstable_transformProfile=hermes-stable:233981
[LOG] Running application "main" with appParams:
 {rootTag: #root, hydrate: undefined} 
Development-level warnings: ON.
Performance optimizations: OFF. @ http://localhost:19006/index.ts.bundle?platform=web&dev=true&hot=false&lazy=true&transform.engine=hermes&transform.routerRoot=app&unstable_transformProfile=hermes-stable:55151
[WARNING] props.pointerEvents is deprecated. Use style.pointerEvents @ http://localhost:19006/index.ts.bundle?platform=web&dev=true&hot=false&lazy=true&transform.engine=hermes&transform.routerRoot=app&unstable_transformProfile=hermes-stable:17343
[WARNING] "shadow*" style props are deprecated. Use "boxShadow". @ http://localhost:19006/index.ts.bundle?platform=web&dev=true&hot=false&lazy=true&transform.engine=hermes&transform.routerRoot=app&unstable_transformProfile=hermes-stable:17343
[WARNING] Animated: `useNativeDriver` is not supported because the native animated module is missing. Falling back to JS-based animation. To resolve this, add `RCTAnimation` module to this app, or remove `useNativeDriver`. Make sure to run `bundle exec pod install` first. Read more about autolinking: https://github.com/react-native-community/cli/blob/master/docs/autolinking.md @ http://localhost:19006/index.ts.bundle?platform=web&dev=true&hot=false&lazy=true&transform.engine=hermes&transform.routerRoot=app&unstable_transformProfile=hermes-stable:49790
[ERROR] COLLAPSABLE_TRACE_ARGS ["Received `%s` for a non-boolean attribute `%s`.\n\nIf you want to write it to the DOM, pass a string instead: %s=\"%s\" or %s={value.toString()}.\n\nIf you used to conditionally omit it with %s={condition && value}, pass %s={condition ? value : undefined} instead.",false,"collapsable","collapsable",false,"collapsable","collapsable","collapsable"] @ :1
[ERROR] COLLAPSABLE_TRACE_STACK Error
    at console.error (<anonymous>:2:314)
    at validateProperty (http://localhost:19006/index.ts.bundle?platform=web&dev=true&hot=false&lazy=true&transform.engine=hermes&transform.routerRoot=app&unstable_transformProfile=hermes-stable:34948:226)
    at warnUnknownProperties (http://localhost:19006/index.ts.bundle?platform=web&dev=true&hot=false&lazy=true&transform.engine=hermes&transform.routerRoot=app&unstable_transformProfile=hermes-stable:34997:26)
    at validatePropertiesInDevelopment (http://localhost:19006/index.ts.bundle?platform=web&dev=true&hot=false&lazy=true&transform.engine=hermes&transform.routerRoot=app&unstable_transformProfile=hermes-stable:41824:64)
    at setInitialProperties (http://localhost:19006/index.ts.bundle?platform=web&dev=true&hot=false&lazy=true&transform.engine=hermes&transform.routerRoot=app&unstable_transformProfile=hermes-stable:42093:7)
    at completeWork (http://localhost:19006/index.ts.bundle?platform=web&dev=true&hot=false&lazy=true&transform.engine=hermes&transform.routerRoot=app&unstable_transformProfile=hermes-stable:38972:26)
    at runWithFiberInDEV (http://localhost:19006/index.ts.bundle?platform=web&dev=true&hot=false&lazy=true&transform.engine=hermes&transform.routerRoot=app&unstable_transformProfile=hermes-stable:34198:70)
    at completeUnitOfWork (http://localhost:19006/index.ts.bundle?platform=web&dev=true&hot=false&lazy=true&transform.engine=hermes&transform.routerRoot=app&unstable_transformProfile=hermes-stable:40842:19)
    at performUnitOfWork (http://localhost:19006/index.ts.bundle?platform=web&dev=true&hot=false&lazy=true&transform.engine=hermes&transform.routerRoot=app&unstable_transformProfile=hermes-stable:40780:26)
    at workLoopSync (http://localhost:19006/index.ts.bundle?platform=web&dev=true&hot=false&lazy=true&transform.engine=hermes&transform.routerRoot=app&unstable_transformProfile=hermes-stable:40671:40) @ :1
[ERROR] Received `%s` for a non-boolean attribute `%s`.

If you want to write it to the DOM, pass a string instead: %s="%s" or %s={value.toString()}.

If you used to conditionally omit it with %s={condition && value}, pass %s={condition ? value : undefined} instead. false collapsable collapsable false collapsable collapsable collapsable @ :1