[POST] https://avbbhbomyiolzidglsae.supabase.co/auth/v1/token?grant_type=password => [200] 
[GET] https://avbbhbomyiolzidglsae.supabase.co/rest/v1/profiles?select=username%2Cdisplay_name%2Cbio%2Cmembership_tier%2Cpreferred_unit%2Ctimezone%2Cavatar_path%2Caccount_visibility%2Cprogress_visibility%2Csocial_enabled%2Cweigh_in_share_visibility%2Cgym_event_share_visibility%2Cpost_share_visibility%2Cauto_support_enabled%2Cauto_support_consent_at%2Capple_health_steps_enabled%2Cdaily_step_goal&id=eq.e13a0352-c5e8-420f-8a99-4f5421312845 => [200] 
[GET] https://avbbhbomyiolzidglsae.supabase.co/rest/v1/goals?select=id%2Cgoal_type%2Ctarget_min%2Ctarget_max%2Ctarget_weight%2Cstart_weight%2Cstart_date&user_id=eq.e13a0352-c5e8-420f-8a99-4f5421312845&is_active=eq.true => [200] 
[GET] https://avbbhbomyiolzidglsae.supabase.co/rest/v1/routines?select=weigh_in_cadence%2Ccustom_cadence%2Creminder_time%2Cgym_proof_enabled%2Cgym_name%2Cgym_sessions_target%2Cgym_place_name%2Cgym_lat%2Cgym_lng&user_id=eq.e13a0352-c5e8-420f-8a99-4f5421312845 => [200] 
[POST] https://avbbhbomyiolzidglsae.supabase.co/rest/v1/rpc/fetch_current_week_support_request => [200] 
[HEAD] https://avbbhbomyiolzidglsae.supabase.co/rest/v1/follows?select=id&followed_user_id=eq.e13a0352-c5e8-420f-8a99-4f5421312845&status=eq.pending => [200] 
[POST] https://avbbhbomyiolzidglsae.supabase.co/rest/v1/rpc/expire_gym_session_validation_requests => [200] 
[HEAD] https://avbbhbomyiolzidglsae.supabase.co/rest/v1/push_notification_devices?select=id&user_id=eq.e13a0352-c5e8-420f-8a99-4f5421312845&is_active=eq.true => [200] 
[HEAD] https://avbbhbomyiolzidglsae.supabase.co/rest/v1/push_notification_devices?select=id&user_id=eq.e13a0352-c5e8-420f-8a99-4f5421312845&is_active=eq.true => [200] 
[HEAD] https://avbbhbomyiolzidglsae.supabase.co/rest/v1/follows?select=id&followed_user_id=eq.e13a0352-c5e8-420f-8a99-4f5421312845&status=eq.pending => [200] 
[GET] https://avbbhbomyiolzidglsae.supabase.co/rest/v1/weigh_ins?select=id%2Cweight%2Cunit%2Crecorded_at%2Clocal_date&user_id=eq.e13a0352-c5e8-420f-8a99-4f5421312845&recorded_at=gte.2025-03-10T22%3A30%3A58.270Z&order=recorded_at.desc&limit=400 => [200] 
[HEAD] https://avbbhbomyiolzidglsae.supabase.co/rest/v1/gym_session_validation_requests?select=id&status=eq.open&requester_user_id=neq.e13a0352-c5e8-420f-8a99-4f5421312845 => [200] 
[GET] http://localhost:19006/assets/?unstable_path=.%2Fnode_modules%2Fexpo-sqlite%2Fweb%2Fwa-sqlite/wa-sqlite.wasm => [200] OK
[HEAD] https://avbbhbomyiolzidglsae.supabase.co/rest/v1/gym_session_validation_requests?select=id&status=eq.open&requester_user_id=neq.e13a0352-c5e8-420f-8a99-4f5421312845 => [200] 
[GET] https://avbbhbomyiolzidglsae.supabase.co/rest/v1/active_coaches?select=coach_profile_id&user_id=eq.e13a0352-c5e8-420f-8a99-4f5421312845&specialization=eq.workout => [200] 
[GET] https://avbbhbomyiolzidglsae.supabase.co/rest/v1/gym_sessions?select=id%2Csession_date%2Cstatus%2Cstatus_reason%2Cdistance_meters&user_id=eq.e13a0352-c5e8-420f-8a99-4f5421312845&session_date=gte.2025-03-10&session_date=lte.2026-03-10&order=session_date.asc => [200] 
[POST] https://avbbhbomyiolzidglsae.supabase.co/storage/v1/object/sign/profile-photos/e13a0352-c5e8-420f-8a99-4f5421312845/seed-avatar.png => [200] 
[GET] https://avbbhbomyiolzidglsae.supabase.co/rest/v1/coach_profiles?select=id%2Cgender%2Cpersonality&id=eq.man_analyst => [200] 
[GET] https://avbbhbomyiolzidglsae.supabase.co/rest/v1/active_coaches?select=coach_profile_id&user_id=eq.e13a0352-c5e8-420f-8a99-4f5421312845&specialization=eq.nutrition => [200] 
[POST] https://avbbhbomyiolzidglsae.supabase.co/functions/v1/coach-chat => [200] 
[GET] https://avbbhbomyiolzidglsae.supabase.co/rest/v1/coach_profiles?select=id%2Cgender%2Cpersonality&id=eq.nutrition_man_analyst => [200] 
[POST] https://avbbhbomyiolzidglsae.supabase.co/functions/v1/coach-chat => [200] 
[POST] https://avbbhbomyiolzidglsae.supabase.co/functions/v1/coach-chat => [200] 
[GET] https://avbbhbomyiolzidglsae.supabase.co/auth/v1/user => [200] 
[GET] https://avbbhbomyiolzidglsae.supabase.co/rest/v1/coach_user_profiles?select=profile_json&user_id=eq.e13a0352-c5e8-420f-8a99-4f5421312845 => [200] 
[GET] https://avbbhbomyiolzidglsae.supabase.co/auth/v1/user => [200] 
[GET] https://avbbhbomyiolzidglsae.supabase.co/rest/v1/profiles?select=membership_tier&id=eq.e13a0352-c5e8-420f-8a99-4f5421312845 => [200] 
[POST] https://avbbhbomyiolzidglsae.supabase.co/functions/v1/coach-chat => [200] 
[POST] https://avbbhbomyiolzidglsae.supabase.co/functions/v1/coach-chat => [200] 
[GET] https://avbbhbomyiolzidglsae.supabase.co/auth/v1/user => [200] 
[GET] https://avbbhbomyiolzidglsae.supabase.co/rest/v1/coach_user_profiles?select=profile_json&user_id=eq.e13a0352-c5e8-420f-8a99-4f5421312845 => [200] 